<?xml version="1.0" encoding="UTF-8"?>
<!-- Generated by org.testng.reporters.JUnitReportReporter -->
<testsuite hostname="LTIN194303" failures="0" tests="10" name="testCases.TestCase" time="126.902" errors="0" timestamp="2024-03-01T16:17:50 IST" skipped="0">
  <testcase classname="testCases.TestCase" name="validatTravelInsunce" time="2.070"/>
  <testcase classname="testCases.TestCase" name="travelDetails" time="9.449"/>
  <testcase classname="testCases.TestCase" name="studentDataVerify" time="4.684"/>
  <testcase classname="testCases.TestCase" name="dataSort" time="12.107"/>
  <testcase classname="testCases.TestCase" name="StudentPlanDetails" time="4.214"/>
  <testcase classname="testCases.TestCase" name="CarInsurenceDetails" time="13.725"/>
  <testcase classname="testCases.TestCase" name="errorMessageValidate" time="1.969"/>
  <testcase classname="testCases.TestCase" name="correctDatailValidation" time="4.982"/>
  <testcase classname="testCases.TestCase" name="HealthInsurancePlan" time="32.978"/>
  <testcase classname="testCases.TestCase" name="allHealthInsurance" time="40.724"/>
</testsuite> <!-- testCases.TestCase -->
