<?xml version="1.0" encoding="UTF-8"?>
<!-- Generated by org.testng.reporters.JUnitReportReporter -->
<testsuite hostname="LTIN194303" failures="0" tests="10" name="testCases.TestCase" time="85.315" errors="0" timestamp="2024-03-01T16:57:33 IST" skipped="0">
  <testcase classname="testCases.TestCase" name="validatTravelInsunce" time="1.363"/>
  <testcase classname="testCases.TestCase" name="travelDetails" time="8.775"/>
  <testcase classname="testCases.TestCase" name="studentDataVerify" time="4.722"/>
  <testcase classname="testCases.TestCase" name="dataSort" time="13.027"/>
  <testcase classname="testCases.TestCase" name="StudentPlanDetails" time="2.273"/>
  <testcase classname="testCases.TestCase" name="CarInsurenceDetails" time="9.938"/>
  <testcase classname="testCases.TestCase" name="errorMessageValidate" time="1.594"/>
  <testcase classname="testCases.TestCase" name="correctDatailValidation" time="4.472"/>
  <testcase classname="testCases.TestCase" name="HealthInsurancePlan" time="14.594"/>
  <testcase classname="testCases.TestCase" name="allHealthInsurance" time="24.557"/>
</testsuite> <!-- testCases.TestCase -->
